<?xml version='1.0' encoding='UTF-8'?>
<testsuite hostname="MacBook-Pro-5.local" name="model.TraverseSpec-0" tests="1" errors="0" failures="0" skipped="0" time="-0.001" timestamp="2023-05-22T23:17:10">
          <properties>
[...]
</properties>
          <testcase classname="model.TraverseSpec-0" name="Traverse.compose and map" time="-0.001">
                      
                    </testcase>
          <system-out><![CDATA[]]></system-out>
          <system-err><![CDATA[]]></system-err>
        </testsuite>